<?xml version="1.0" encoding="UTF-8"?>
<!-- Generated by org.testng.reporters.JUnitReportReporter -->
<testsuite skipped="0" hostname="VSCT-LAP-0153" name="com.skr.app.TestCases" tests="2" failures="0" timestamp="08 Jan 2020 13:03:43 GMT" time="0.016" errors="0">
  <testcase name="PrintCompany" time="0.014" classname="com.skr.app.TestCases"/>
  <testcase name="PrintName" time="0.002" classname="com.skr.app.TestCases"/>
</testsuite> <!-- com.skr.app.TestCases -->
